[16/Apr/2018:15:40:49 -0400] 0:0:0:0:0:0:0:1 "GET /api/lectures HTTP/1.1" 200 (800 ms)
[16/Apr/2018:15:41:33 -0400] 0:0:0:0:0:0:0:1 "GET /api/lectures HTTP/1.1" 200 (252 ms)
[16/Apr/2018:15:41:34 -0400] 0:0:0:0:0:0:0:1 "GET /favicon.ico HTTP/1.1" 200 (48 ms)
[16/Apr/2018:15:41:54 -0400] 0:0:0:0:0:0:0:1 "GET /api/lectures/5ad16f060b2da823ad621e42 HTTP/1.1" 500 (7804 ms)
[16/Apr/2018:15:42:34 -0400] 0:0:0:0:0:0:0:1 "GET /api/lectures/5ad16f060b2da823ad621e42 HTTP/1.1" 200 (52454 ms)
[16/Apr/2018:16:01:53 -0400] 0:0:0:0:0:0:0:1 "GET /api/lectures/5acbb87583b16409f7259416 HTTP/1.1" 200 (626 ms)
[16/Apr/2018:16:02:00 -0400] 0:0:0:0:0:0:0:1 "GET /api/lectures/ HTTP/1.1" 200 (174 ms)
[16/Apr/2018:16:02:09 -0400] 0:0:0:0:0:0:0:1 "GET /api/lectures/5ad16f060b2da823ad621e42 HTTP/1.1" 500 (887 ms)
[16/Apr/2018:16:02:30 -0400] 0:0:0:0:0:0:0:1 "GET /api/lectures/5ad16f060b2da823ad621e42 HTTP/1.1" 500 (26055 ms)
[16/Apr/2018:16:14:32 -0400] 0:0:0:0:0:0:0:1 "GET /api/lectures/ HTTP/1.1" 500 (767 ms)
[16/Apr/2018:16:15:33 -0400] 0:0:0:0:0:0:0:1 "GET /api/lectures/ HTTP/1.1" 500 (276 ms)
[16/Apr/2018:16:21:28 -0400] 0:0:0:0:0:0:0:1 "GET /api/lectures/ HTTP/1.1" 200 (501 ms)
[16/Apr/2018:16:31:22 -0400] 0:0:0:0:0:0:0:1 "GET /api/lectures/ HTTP/1.1" 200 (594 ms)
[16/Apr/2018:16:36:47 -0400] 0:0:0:0:0:0:0:1 "GET /api/lectures/ HTTP/1.1" 200 (148 ms)
[16/Apr/2018:16:42:05 -0400] 0:0:0:0:0:0:0:1 "GET /api/lectures/5ad50911734d1d7f2371ac4c HTTP/1.1" 500 (26369 ms)
[16/Apr/2018:16:50:58 -0400] 0:0:0:0:0:0:0:1 "GET /api/lectures/ HTTP/1.1" 200 (607 ms)
[16/Apr/2018:16:51:32 -0400] 0:0:0:0:0:0:0:1 "GET /api/lectures/5ad50911734d1d7f2371ac4c HTTP/1.1" 500 (28391 ms)
[16/Apr/2018:16:57:13 -0400] 0:0:0:0:0:0:0:1 "GET /api/lectures/ HTTP/1.1" 200 (623 ms)
[16/Apr/2018:16:57:43 -0400] 0:0:0:0:0:0:0:1 "GET /api/lectures/5ad50911734d1d7f2371ac4c HTTP/1.1" 500 (24851 ms)
[16/Apr/2018:17:03:18 -0400] 0:0:0:0:0:0:0:1 "GET /api/lectures/ HTTP/1.1" 200 (632 ms)
[16/Apr/2018:17:03:25 -0400] 0:0:0:0:0:0:0:1 "GET /api/lectures/5ad50911734d1d7f2371ac4c HTTP/1.1" 200 (1585 ms)
[16/Apr/2018:17:05:57 -0400] 0:0:0:0:0:0:0:1 "GET /api/lectures/ HTTP/1.1" 200 (277 ms)
[16/Apr/2018:17:06:07 -0400] 0:0:0:0:0:0:0:1 "GET /api/lectures/5ad50911734d1d7f2371ac4c HTTP/1.1" 200 (1288 ms)
[16/Apr/2018:17:11:19 -0400] 0:0:0:0:0:0:0:1 "GET /api/lectures/ HTTP/1.1" 200 (666 ms)
[16/Apr/2018:17:11:37 -0400] 0:0:0:0:0:0:0:1 "GET /api/lectures/5ad50911734d1d7f2371ac4c HTTP/1.1" 200 (1800 ms)
[16/Apr/2018:17:11:56 -0400] 0:0:0:0:0:0:0:1 "GET /api/lectures/5ad50911734d1d7f2371ac4c HTTP/1.1" 200 (1298 ms)
[16/Apr/2018:17:12:51 -0400] 0:0:0:0:0:0:0:1 "GET /api/lectures/ HTTP/1.1" 200 (75 ms)
[16/Apr/2018:17:13:56 -0400] 0:0:0:0:0:0:0:1 "GET /api/lectures/ HTTP/1.1" 200 (283 ms)
[16/Apr/2018:17:14:05 -0400] 0:0:0:0:0:0:0:1 "GET /api/lectures/5ad50911734d1d7f2371ac4c HTTP/1.1" 200 (1348 ms)
[16/Apr/2018:17:15:24 -0400] 0:0:0:0:0:0:0:1 "GET /api/lectures/5ad50911734d1d7f2371ac4c HTTP/1.1" 200 (1483 ms)
[16/Apr/2018:17:18:53 -0400] 0:0:0:0:0:0:0:1 "GET /api/lectures/5ad50911734d1d7f2371ac4c HTTP/1.1" 200 (2036 ms)
[16/Apr/2018:17:20:09 -0400] 0:0:0:0:0:0:0:1 "GET /api/lectures/5ad50911734d1d7f2371ac4c HTTP/1.1" 200 (1530 ms)
[16/Apr/2018:17:22:28 -0400] 0:0:0:0:0:0:0:1 "GET /api/lectures/5ad50911734d1d7f2371ac4c HTTP/1.1" 200 (1798 ms)
[16/Apr/2018:17:22:53 -0400] 0:0:0:0:0:0:0:1 "GET /api/lectures/ HTTP/1.1" 200 (38 ms)
[16/Apr/2018:17:23:00 -0400] 0:0:0:0:0:0:0:1 "GET /api/lectures/5ad50911734d1d7f2371ac4c HTTP/1.1" 200 (1158 ms)
[16/Apr/2018:17:23:52 -0400] 0:0:0:0:0:0:0:1 "GET /api/lectures/5ad50911734d1d7f2371ac4c HTTP/1.1" 200 (1321 ms)
[16/Apr/2018:17:24:24 -0400] 0:0:0:0:0:0:0:1 "GET /api/lectures/5ad50911734d1d7f2371ac4c HTTP/1.1" 200 (285 ms)
[16/Apr/2018:17:24:28 -0400] 0:0:0:0:0:0:0:1 "GET /api/lectures/ HTTP/1.1" 200 (33 ms)
[16/Apr/2018:17:24:41 -0400] 0:0:0:0:0:0:0:1 "GET /api/lectures/5ad50911734d1d7f2371ac4c HTTP/1.1" 200 (60 ms)
[16/Apr/2018:17:25:31 -0400] 0:0:0:0:0:0:0:1 "GET /api/lectures/ HTTP/1.1" 200 (252 ms)
[16/Apr/2018:17:25:50 -0400] 0:0:0:0:0:0:0:1 "GET /api/lectures/5ad50911734d1d7f2371ac4c HTTP/1.1" 200 (65 ms)
[16/Apr/2018:17:31:36 -0400] 0:0:0:0:0:0:0:1 "POST /api/lectures HTTP/1.1" 200 (743 ms)
[16/Apr/2018:17:33:18 -0400] 0:0:0:0:0:0:0:1 "POST /api/lectures HTTP/1.1" 200 (278 ms)
[16/Apr/2018:17:33:31 -0400] 0:0:0:0:0:0:0:1 "GET /api/lectures/ HTTP/1.1" 200 (120 ms)
[16/Apr/2018:17:33:39 -0400] 0:0:0:0:0:0:0:1 "GET /api/lectures/5ad5169e0b2da83b6a9f31f0 HTTP/1.1" 200 (85 ms)
[16/Apr/2018:17:36:00 -0400] 0:0:0:0:0:0:0:1 "POST /api/lectures HTTP/1.1" 200 (285 ms)
[16/Apr/2018:17:39:45 -0400] 0:0:0:0:0:0:0:1 "POST /api/lectures HTTP/1.1" 200 (34 ms)
[16/Apr/2018:17:46:10 -0400] 0:0:0:0:0:0:0:1 "GET /api/lectures/ HTTP/1.1" 200 (660 ms)
[16/Apr/2018:17:46:49 -0400] 0:0:0:0:0:0:0:1 "POST /api/lectures HTTP/1.1" 200 (122 ms)
[16/Apr/2018:17:47:15 -0400] 0:0:0:0:0:0:0:1 "GET /api/lectures/ HTTP/1.1" 200 (34 ms)
[16/Apr/2018:17:47:16 -0400] 0:0:0:0:0:0:0:1 "GET /favicon.ico HTTP/1.1" 200 (38 ms)
[16/Apr/2018:17:47:26 -0400] 0:0:0:0:0:0:0:1 "GET /api/lectures/5ad5169e0b2da83b6a9f31f0 HTTP/1.1" 200 (76 ms)
[16/Apr/2018:17:55:54 -0400] 0:0:0:0:0:0:0:1 "POST /api/lectures HTTP/1.1" 200 (642 ms)
[16/Apr/2018:17:56:08 -0400] 0:0:0:0:0:0:0:1 "GET /api/lectures/ HTTP/1.1" 200 (113 ms)
[16/Apr/2018:17:56:14 -0400] 0:0:0:0:0:0:0:1 "GET /api/lectures/5ad51be90b2da83c29b38e4b HTTP/1.1" 200 (87 ms)
