[13/Apr/2018:22:19:37 -0400] 0:0:0:0:0:0:0:1 "GET /api/lectures HTTP/1.1" 200 (938 ms)
[13/Apr/2018:22:19:46 -0400] 0:0:0:0:0:0:0:1 "GET /api/lectures/5acb98c2734d1d55c318756a HTTP/1.1" 200 (95 ms)
[13/Apr/2018:22:20:55 -0400] 0:0:0:0:0:0:0:1 "GET /api/lectures/5acb98c2734d1d55c318756a HTTP/1.1" 200 (30006 ms)
[13/Apr/2018:22:22:25 -0400] 0:0:0:0:0:0:0:1 "GET /api/lectures/5acb98c2734d1d55c318756a HTTP/1.1" 200 (19301 ms)
[13/Apr/2018:22:30:30 -0400] 0:0:0:0:0:0:0:1 "GET /api/lectures/ HTTP/1.1" 200 (774 ms)
[13/Apr/2018:22:31:01 -0400] 0:0:0:0:0:0:0:1 "GET /api/lectures/5acbb87583b16409f7259416 HTTP/1.1" 200 (19929 ms)
[13/Apr/2018:22:33:20 -0400] 0:0:0:0:0:0:0:1 "GET /api/lectures/5acbb87583b16409f7259416 HTTP/1.1" 200 (19307 ms)
[13/Apr/2018:22:38:08 -0400] 0:0:0:0:0:0:0:1 "GET /api/lectures/5acbb87583b16409f7259416 HTTP/1.1" 500 (827 ms)
[13/Apr/2018:22:40:09 -0400] 0:0:0:0:0:0:0:1 "GET /api/lectures/ HTTP/1.1" 500 (434 ms)
[13/Apr/2018:22:41:40 -0400] 0:0:0:0:0:0:0:1 "GET /api/lectures/ HTTP/1.1" 500 (822 ms)
[13/Apr/2018:22:41:47 -0400] 0:0:0:0:0:0:0:1 "GET /api/lectures/5acbb87583b16409f7259416 HTTP/1.1" 500 (84 ms)
[13/Apr/2018:22:41:49 -0400] 0:0:0:0:0:0:0:1 "GET /api/lectures/5acbb87583b16409f7259416 HTTP/1.1" 500 (69 ms)
[13/Apr/2018:22:43:17 -0400] 0:0:0:0:0:0:0:1 "GET /api/lectures/5acbb87583b16409f7259416 HTTP/1.1" 500 (623 ms)
[13/Apr/2018:22:45:47 -0400] 0:0:0:0:0:0:0:1 "GET /api/lectures/ HTTP/1.1" 200 (537 ms)
[13/Apr/2018:22:50:35 -0400] 0:0:0:0:0:0:0:1 "POST /api/lectures HTTP/1.1" 200 (146 ms)
[13/Apr/2018:22:50:40 -0400] 0:0:0:0:0:0:0:1 "GET /api/lectures/ HTTP/1.1" 200 (50 ms)
[13/Apr/2018:22:50:43 -0400] 0:0:0:0:0:0:0:1 "GET /api/lectures/ HTTP/1.1" 200 (45 ms)
[13/Apr/2018:22:50:43 -0400] 0:0:0:0:0:0:0:1 "GET /favicon.ico HTTP/1.1" 200 (57 ms)
[13/Apr/2018:22:51:38 -0400] 0:0:0:0:0:0:0:1 "POST /api/lectures HTTP/1.1" 200 (6 ms)
[13/Apr/2018:22:52:01 -0400] 0:0:0:0:0:0:0:1 "POST /api/lectures HTTP/1.1" 200 (7 ms)
[13/Apr/2018:22:52:04 -0400] 0:0:0:0:0:0:0:1 "POST /api/lectures HTTP/1.1" 200 (8 ms)
[13/Apr/2018:22:52:06 -0400] 0:0:0:0:0:0:0:1 "POST /api/lectures HTTP/1.1" 200 (5 ms)
[13/Apr/2018:22:54:09 -0400] 0:0:0:0:0:0:0:1 "POST /api/lectures HTTP/1.1" 400 (103 ms)
[13/Apr/2018:22:56:45 -0400] 0:0:0:0:0:0:0:1 "POST /api/lectures HTTP/1.1" 400 (301 ms)
[13/Apr/2018:22:58:12 -0400] 0:0:0:0:0:0:0:1 "POST /api/lectures HTTP/1.1" 400 (36 ms)
[13/Apr/2018:23:00:41 -0400] 0:0:0:0:0:0:0:1 "POST /api/lectures HTTP/1.1" 400 (40 ms)
[13/Apr/2018:23:01:27 -0400] 0:0:0:0:0:0:0:1 "POST /api/lectures HTTP/1.1" 200 (544 ms)
[13/Apr/2018:23:01:41 -0400] 0:0:0:0:0:0:0:1 "GET /api/lectures/ HTTP/1.1" 200 (112 ms)
[13/Apr/2018:23:02:31 -0400] 0:0:0:0:0:0:0:1 "GET /api/lectures/ HTTP/1.1" 200 (394 ms)
[13/Apr/2018:23:02:38 -0400] 0:0:0:0:0:0:0:1 "GET /api/lectures/5ad16f060b2da823ad621e42 HTTP/1.1" 200 (103 ms)
[13/Apr/2018:23:04:06 -0400] 0:0:0:0:0:0:0:1 "GET /api/lectures/5ad16f060b2da823ad621e42 HTTP/1.1" 200 (42113 ms)
