[14/Apr/2018:13:50:08 -0400] 0:0:0:0:0:0:0:1 "GET /api/lectures/5acbb87583b16409f7259416 HTTP/1.1" 200 (291 ms)
[14/Apr/2018:13:50:17 -0400] 0:0:0:0:0:0:0:1 "GET /api/lectures/ HTTP/1.1" 200 (49 ms)
[14/Apr/2018:13:51:26 -0400] 0:0:0:0:0:0:0:1 "GET /api/lectures/5ad16f060b2da823ad621e42 HTTP/1.1" 200 (55065 ms)
[14/Apr/2018:21:42:38 -0400] 0:0:0:0:0:0:0:1 "GET / HTTP/1.1" 200 (220 ms)
[14/Apr/2018:21:44:05 -0400] 0:0:0:0:0:0:0:1 "GET / HTTP/1.1" 200 (600 ms)
[14/Apr/2018:21:44:09 -0400] 0:0:0:0:0:0:0:1 "GET /sneha HTTP/1.1" 404 (30 ms)
[14/Apr/2018:21:44:14 -0400] 0:0:0:0:0:0:0:1 "GET / HTTP/1.1" 200 (16 ms)
[14/Apr/2018:21:44:21 -0400] 0:0:0:0:0:0:0:1 "GET /?name=sneha HTTP/1.1" 200 (5 ms)
[14/Apr/2018:21:47:05 -0400] 0:0:0:0:0:0:0:1 "GET /?name=sneha HTTP/1.1" 200 (46 ms)
[14/Apr/2018:21:47:24 -0400] 0:0:0:0:0:0:0:1 "GET / HTTP/1.1" 200 (8 ms)
[14/Apr/2018:21:49:26 -0400] 0:0:0:0:0:0:0:1 "GET / HTTP/1.1" 200 (6 ms)
[14/Apr/2018:21:49:57 -0400] 0:0:0:0:0:0:0:1 "GET / HTTP/1.1" 200 (5 ms)
[14/Apr/2018:21:49:58 -0400] 0:0:0:0:0:0:0:1 "GET /favicon.ico HTTP/1.1" 200 (24 ms)
[14/Apr/2018:21:50:37 -0400] 0:0:0:0:0:0:0:1 "GET /api/lectures HTTP/1.1" 200 (669 ms)
[14/Apr/2018:21:51:42 -0400] 0:0:0:0:0:0:0:1 "GET /api/lectures/5ad16f060b2da823ad621e42 HTTP/1.1" 200 (51757 ms)
[14/Apr/2018:22:08:22 -0400] 0:0:0:0:0:0:0:1 "GET / HTTP/1.1" 200 (49 ms)
[14/Apr/2018:22:08:29 -0400] 0:0:0:0:0:0:0:1 "GET /?name=sneha HTTP/1.1" 200 (5 ms)
[14/Apr/2018:22:08:48 -0400] 0:0:0:0:0:0:0:1 "GET /?name=sneha HTTP/1.1" 200 (13 ms)
[14/Apr/2018:22:08:48 -0400] 0:0:0:0:0:0:0:1 "GET /favicon.ico HTTP/1.1" 200 (5 ms)
[14/Apr/2018:22:21:01 -0400] 0:0:0:0:0:0:0:1 "GET / HTTP/1.1" 200 (64 ms)
[14/Apr/2018:22:21:21 -0400] 0:0:0:0:0:0:0:1 "POST / HTTP/1.1" 200 (22 ms)
[14/Apr/2018:22:24:34 -0400] 0:0:0:0:0:0:0:1 "POST / HTTP/1.1" 200 (36 ms)
[14/Apr/2018:22:25:34 -0400] 0:0:0:0:0:0:0:1 "GET / HTTP/1.1" 200 (9 ms)
[14/Apr/2018:22:25:39 -0400] 0:0:0:0:0:0:0:1 "POST / HTTP/1.1" 200 (13 ms)
[14/Apr/2018:22:32:02 -0400] 0:0:0:0:0:0:0:1 "GET / HTTP/1.1" 200 (8 ms)
[14/Apr/2018:22:32:05 -0400] 0:0:0:0:0:0:0:1 "POST / HTTP/1.1" 200 (12 ms)
